0 info it worked if it ends with ok
1 verbose cli [ 'node', '/usr/local/bin/npm', 'install', 'simple-telegram' ]
2 info using npm@2.11.3
3 info using node@v0.12.7
4 verbose install initial load of /Users/sulaiman/tg-api/package.json
5 verbose readDependencies loading dependencies from /Users/sulaiman/tg-api/package.json
6 silly cache add args [ 'simple-telegram@dev-master', null ]
7 verbose cache add spec simple-telegram@dev-master
8 silly cache add parsed spec { raw: 'simple-telegram@dev-master',
8 silly cache add   scope: null,
8 silly cache add   name: 'simple-telegram',
8 silly cache add   rawSpec: 'dev-master',
8 silly cache add   spec: 'dev-master',
8 silly cache add   type: 'tag' }
9 silly addNamed simple-telegram@dev-master
10 verbose addNamed "dev-master" is being treated as a dist-tag for simple-telegram
11 info addNameTag [ 'simple-telegram', 'dev-master' ]
12 silly mapToRegistry name simple-telegram
13 silly mapToRegistry using default registry
14 silly mapToRegistry registry https://registry.npmjs.org/
15 silly mapToRegistry uri https://registry.npmjs.org/simple-telegram
16 verbose addNameTag registry:https://registry.npmjs.org/simple-telegram not in flight; fetching
17 verbose request uri https://registry.npmjs.org/simple-telegram
18 verbose request no auth needed
19 info attempt registry request try #1 at 8:11:40 PM
20 verbose request id 79fda03ee7ba20da
21 http request GET https://registry.npmjs.org/simple-telegram
22 http 200 https://registry.npmjs.org/simple-telegram
23 silly get cb [ 200,
23 silly get   { server: 'CouchDB/1.5.0 (Erlang OTP/R16B03)',
23 silly get     etag: '"CXCARYVQEFGSMBGXXPCII1UP1"',
23 silly get     'content-type': 'application/json',
23 silly get     'cache-control': 'max-age=60',
23 silly get     'content-length': '24372',
23 silly get     'accept-ranges': 'bytes',
23 silly get     date: 'Wed, 18 Nov 2015 12:11:42 GMT',
23 silly get     via: '1.1 varnish',
23 silly get     age: '0',
23 silly get     connection: 'keep-alive',
23 silly get     'x-served-by': 'cache-hkg6821-HKG',
23 silly get     'x-cache': 'MISS',
23 silly get     'x-cache-hits': '0',
23 silly get     'x-timer': 'S1447848701.349674,VS0,VE1094',
23 silly get     vary: 'Accept' } ]
24 verbose get saving simple-telegram to /Users/sulaiman/.npm/registry.npmjs.org/simple-telegram/.cache.json
25 silly addNameTag next cb for simple-telegram with tag dev-master
26 verbose stack Error: No compatible version found: simple-telegram@'dev-master'
26 verbose stack Valid install targets:
26 verbose stack ["0.0.1","0.0.2","0.0.3","0.0.4","0.0.5","0.0.6","0.0.7","0.0.8","0.0.9","0.0.10","0.0.11","0.0.12","0.0.13","0.0.14","0.0.15"]
26 verbose stack
26 verbose stack     at installTargetsError (/usr/local/lib/node_modules/npm/lib/cache/add-named.js:274:12)
26 verbose stack     at next (/usr/local/lib/node_modules/npm/lib/cache/add-named.js:94:10)
26 verbose stack     at RES (/usr/local/lib/node_modules/npm/node_modules/inflight/inflight.js:23:14)
26 verbose stack     at f (/usr/local/lib/node_modules/npm/node_modules/once/once.js:17:25)
26 verbose stack     at fixName (/usr/local/lib/node_modules/npm/lib/cache/add-named.js:29:5)
26 verbose stack     at saved (/usr/local/lib/node_modules/npm/lib/cache/caching-client.js:173:7)
26 verbose stack     at FSReqWrap.oncomplete (fs.js:95:15)
27 verbose cwd /Users/sulaiman/tg-api
28 error Darwin 14.5.0
29 error argv "node" "/usr/local/bin/npm" "install" "simple-telegram"
30 error node v0.12.7
31 error npm  v2.11.3
32 error code ETARGET
33 error notarget No compatible version found: simple-telegram@'dev-master'
33 error notarget Valid install targets:
33 error notarget ["0.0.1","0.0.2","0.0.3","0.0.4","0.0.5","0.0.6","0.0.7","0.0.8","0.0.9","0.0.10","0.0.11","0.0.12","0.0.13","0.0.14","0.0.15"]
33 error notarget
33 error notarget This is most likely not a problem with npm itself.
33 error notarget In most cases you or one of your dependencies are requesting
33 error notarget a package version that doesn't exist.
33 error notarget
33 error notarget It was specified as a dependency of 'node-js-sample'
34 verbose exit [ 1, true ]
